2023-12-18 08:12:181 INFO  ManageBrowser :32 - Chrome Browser Launch .....
2023-12-18 08:12:429 INFO  ManageBrowser :32 - Chrome Browser Launch .....
2023-12-18 08:12:53 INFO  ManageBrowser :32 - Chrome Browser Launch .....
2023-12-18 09:12:228 INFO  ManageBrowser :32 - Chrome Browser Launch .....
2023-12-18 09:12:258 INFO  ManageBrowser :32 - Chrome Browser Launch .....
2023-12-18 09:12:714 INFO  ManageBrowser :32 - Chrome Browser Launch .....
2023-12-18 09:12:267 INFO  ManageBrowser :32 - Chrome Browser Launch .....
2023-12-18 09:12:407 INFO  ManageBrowser :32 - Chrome Browser Launch .....
2023-12-18 09:12:672 INFO  ManageBrowser :32 - Chrome Browser Launch .....
2023-12-18 09:12:117 INFO  ManageBrowser :32 - Chrome Browser Launch .....
2023-12-18 18:12:763 INFO  ManageBrowser :32 - Chrome Browser Launch .....
2023-12-18 18:12:486 INFO  ManageBrowser :32 - Chrome Browser Launch .....
2023-12-18 18:12:154 INFO  ManageBrowser :32 - Chrome Browser Launch .....
2023-12-18 18:12:121 INFO  ManageBrowser :32 - Chrome Browser Launch .....
2023-12-18 18:12:437 INFO  ManageBrowser :32 - Chrome Browser Launch .....
2023-12-18 18:12:468 INFO  ManageBrowser :32 - Chrome Browser Launch .....
2023-12-18 18:12:529 INFO  ManageBrowser :32 - Chrome Browser Launch .....
2023-12-18 18:12:904 INFO  ManageBrowser :32 - Chrome Browser Launch .....
2023-12-18 18:12:168 INFO  ManageBrowser :32 - Chrome Browser Launch .....
2023-12-18 18:12:746 INFO  ManageBrowser :32 - Chrome Browser Launch .....
2023-12-18 18:12:886 INFO  ManageBrowser :32 - Chrome Browser Launch .....
2023-12-18 18:12:571 INFO  ManageBrowser :32 - Chrome Browser Launch .....
2023-12-18 18:12:872 INFO  ManageBrowser :32 - Chrome Browser Launch .....
2023-12-18 18:12:743 INFO  ManageBrowser :32 - Chrome Browser Launch .....
2023-12-18 20:12:467 INFO  ManageBrowser :32 - Chrome Browser Launch .....
2023-12-18 20:12:340 INFO  ManageBrowser :32 - Chrome Browser Launch .....
2023-12-18 20:12:625 INFO  ManageBrowser :32 - Chrome Browser Launch .....
2023-12-18 20:12:346 INFO  ManageBrowser :32 - Chrome Browser Launch .....
2023-12-18 20:12:801 INFO  ManageBrowser :32 - Chrome Browser Launch .....
2023-12-18 20:12:188 INFO  ManageBrowser :32 - Chrome Browser Launch .....
2023-12-18 20:12:867 INFO  ManageBrowser :32 - Chrome Browser Launch .....
2023-12-18 20:12:33 INFO  ManageBrowser :32 - Chrome Browser Launch .....
2023-12-18 20:12:885 INFO  ManageBrowser :32 - Chrome Browser Launch .....
2023-12-18 20:12:270 INFO  ManageBrowser :32 - Chrome Browser Launch .....
2023-12-18 20:12:74 INFO  ManageBrowser :32 - Chrome Browser Launch .....
2023-12-18 20:12:799 INFO  ManageBrowser :32 - Chrome Browser Launch .....
2023-12-18 20:12:503 INFO  ManageBrowser :32 - Chrome Browser Launch .....
2023-12-18 20:12:139 INFO  ManageBrowser :32 - Chrome Browser Launch .....
2023-12-18 20:12:615 INFO  ManageBrowser :32 - Chrome Browser Launch .....
2023-12-18 20:12:608 INFO  ManageBrowser :32 - Chrome Browser Launch .....
2023-12-18 20:12:19 INFO  ManageBrowser :32 - Chrome Browser Launch .....
2023-12-18 20:12:150 INFO  ManageBrowser :32 - Chrome Browser Launch .....
2023-12-18 20:12:319 INFO  ManageBrowser :32 - Chrome Browser Launch .....
2023-12-18 20:12:711 INFO  ManageBrowser :32 - Chrome Browser Launch .....
2023-12-18 20:12:684 INFO  ManageBrowser :32 - Chrome Browser Launch .....
2023-12-18 20:12:585 INFO  ManageBrowser :32 - Chrome Browser Launch .....
2023-12-18 20:12:159 INFO  ManageBrowser :32 - Chrome Browser Launch .....
2023-12-18 20:12:203 INFO  ManageBrowser :32 - Chrome Browser Launch .....
2023-12-18 20:12:203 INFO  ManageBrowser :32 - Chrome Browser Launch .....
2023-12-18 20:12:366 INFO  ManageBrowser :32 - Chrome Browser Launch .....
2023-12-18 20:12:904 INFO  ManageBrowser :32 - Chrome Browser Launch .....
2023-12-18 20:12:688 INFO  ManageBrowser :32 - Chrome Browser Launch .....
2023-12-18 20:12:324 INFO  ManageBrowser :32 - Chrome Browser Launch .....
2023-12-18 20:12:367 INFO  ManageBrowser :32 - Chrome Browser Launch .....
2023-12-18 20:12:583 INFO  ManageBrowser :32 - Chrome Browser Launch .....
2023-12-18 20:12:573 INFO  ManageBrowser :32 - Chrome Browser Launch .....
2023-12-18 20:12:92 INFO  ManageBrowser :32 - Chrome Browser Launch .....
2023-12-18 20:12:742 INFO  ManageBrowser :32 - Chrome Browser Launch .....
2023-12-18 20:12:212 INFO  ManageBrowser :32 - Chrome Browser Launch .....
2023-12-18 20:12:517 INFO  ManageBrowser :32 - Chrome Browser Launch .....
2023-12-18 20:12:30 INFO  ManageBrowser :32 - Chrome Browser Launch .....
2023-12-18 20:12:410 INFO  ManageBrowser :32 - Chrome Browser Launch .....
2023-12-18 21:12:82 INFO  ManageBrowser :32 - Chrome Browser Launch .....
2023-12-18 21:12:06 INFO  ManageBrowser :32 - Chrome Browser Launch .....
2023-12-18 21:12:968 INFO  ManageBrowser :32 - Chrome Browser Launch .....
2023-12-18 22:12:641 INFO  ManageBrowser :32 - Chrome Browser Launch .....
2023-12-18 22:12:624 INFO  ManageBrowser :32 - Chrome Browser Launch .....
2023-12-18 22:12:518 INFO  ManageBrowser :32 - Chrome Browser Launch .....
2023-12-18 22:12:655 INFO  ManageBrowser :32 - Chrome Browser Launch .....
2023-12-18 22:12:504 INFO  ManageBrowser :32 - Chrome Browser Launch .....
2023-12-18 22:12:371 INFO  ManageBrowser :32 - Chrome Browser Launch .....
2023-12-18 22:12:490 INFO  ManageBrowser :32 - Chrome Browser Launch .....
2023-12-18 22:12:858 INFO  ManageBrowser :32 - Chrome Browser Launch .....
2023-12-18 22:12:491 INFO  ManageBrowser :32 - Chrome Browser Launch .....
2023-12-18 22:12:402 INFO  ManageBrowser :32 - Chrome Browser Launch .....
2023-12-18 22:12:70 INFO  ManageBrowser :32 - Chrome Browser Launch .....
2023-12-18 22:12:47 INFO  ManageBrowser :32 - Chrome Browser Launch .....
2023-12-18 22:12:67 INFO  ManageBrowser :32 - Chrome Browser Launch .....
2023-12-18 22:12:331 INFO  DashboardPage :22 - Verify Dashboard text : [[ChromeDriver: chrome on windows (7379ddbfd6fa63c570125fb1dfa14ffe)] -> xpath: (//h6[normalize-space()='Dashboard'])[1]]
2023-12-18 22:12:82 INFO  ManageBrowser :32 - Chrome Browser Launch .....
2023-12-18 22:12:794 INFO  ManageBrowser :32 - Chrome Browser Launch .....
2023-12-18 22:12:784 INFO  ManageBrowser :32 - Chrome Browser Launch .....
2023-12-18 22:12:385 INFO  ManageBrowser :32 - Chrome Browser Launch .....
2023-12-18 22:12:515 INFO  ManageBrowser :32 - Chrome Browser Launch .....
2023-12-18 22:12:629 INFO  ManageBrowser :32 - Chrome Browser Launch .....
2023-12-18 22:12:334 INFO  ManageBrowser :32 - Chrome Browser Launch .....
2023-12-18 22:12:127 INFO  ManageBrowser :32 - Chrome Browser Launch .....
2023-12-18 22:12:330 INFO  ManageBrowser :32 - Chrome Browser Launch .....
2023-12-18 22:12:749 INFO  ManageBrowser :32 - Chrome Browser Launch .....
2023-12-18 22:12:897 INFO  ManageBrowser :32 - Chrome Browser Launch .....
2023-12-18 22:12:24 INFO  ManageBrowser :32 - Chrome Browser Launch .....
2023-12-18 22:12:95 INFO  ManageBrowser :32 - Chrome Browser Launch .....
2023-12-18 22:12:316 INFO  ManageBrowser :32 - Chrome Browser Launch .....
2023-12-18 22:12:294 INFO  ManageBrowser :32 - Chrome Browser Launch .....
2023-12-18 22:12:166 INFO  ManageBrowser :32 - Chrome Browser Launch .....
2023-12-18 22:12:450 INFO  ManageBrowser :32 - Chrome Browser Launch .....
2023-12-18 22:12:471 INFO  ManageBrowser :32 - Chrome Browser Launch .....
2023-12-18 22:12:942 INFO  ManageBrowser :32 - Chrome Browser Launch .....
2023-12-18 22:12:612 INFO  ManageBrowser :32 - Chrome Browser Launch .....
2023-12-18 22:12:805 INFO  ManageBrowser :32 - Chrome Browser Launch .....
2023-12-18 22:12:448 INFO  DashboardPage :22 - Verify Dashboard text : [[ChromeDriver: chrome on windows (1f96bd640780f3200f0cbe8497809048)] -> xpath: (//h6[normalize-space()='Dashboard'])[1]]
2023-12-18 22:12:978 INFO  ManageBrowser :32 - Chrome Browser Launch .....
2023-12-18 22:12:705 INFO  ManageBrowser :32 - Chrome Browser Launch .....
2023-12-18 22:12:804 INFO  ManageBrowser :32 - Chrome Browser Launch .....
2023-12-18 22:12:235 INFO  DashboardPage :22 - Verify Dashboard text : [[ChromeDriver: chrome on windows (d87dc771972ea9623077d36d41155a0b)] -> xpath: (//h6[normalize-space()='Dashboard'])[1]]
2023-12-18 22:12:665 INFO  ManageBrowser :32 - Chrome Browser Launch .....
2023-12-18 22:12:323 INFO  ManageBrowser :32 - Chrome Browser Launch .....
2023-12-19 07:12:609 INFO  ManageBrowser :32 - Chrome Browser Launch .....
2023-12-19 07:12:682 INFO  LoginPage :78 - Enter username : [[ChromeDriver: chrome on windows (96aabcea3d1898190bf8317b23d0c6fd)] -> xpath: //input[@name='username']]
2023-12-19 07:12:781 INFO  LoginPage :83 - Enter password : [[ChromeDriver: chrome on windows (96aabcea3d1898190bf8317b23d0c6fd)] -> xpath: //input[@name='password']]
2023-12-19 07:12:852 INFO  LoginPage :88 - Click on login button : [[ChromeDriver: chrome on windows (96aabcea3d1898190bf8317b23d0c6fd)] -> xpath: //button[normalize-space()='Login']]
2023-12-19 07:12:118 INFO  DashboardPage :22 - Verify Dashboard text : [[ChromeDriver: chrome on windows (96aabcea3d1898190bf8317b23d0c6fd)] -> xpath: (//h6[normalize-space()='Dashboard'])[1]]
2023-12-19 07:12:398 INFO  ManageBrowser :32 - Chrome Browser Launch .....
2023-12-19 07:12:385 INFO  LoginPage :78 - Enter username : [[ChromeDriver: chrome on windows (2f6d19c6b8a5012cea0e426108fdbd63)] -> xpath: //input[@name='username']]
2023-12-19 07:12:516 INFO  LoginPage :83 - Enter password : [[ChromeDriver: chrome on windows (2f6d19c6b8a5012cea0e426108fdbd63)] -> xpath: //input[@name='password']]
2023-12-19 07:12:382 INFO  LoginPage :88 - Click on login button : [[ChromeDriver: chrome on windows (2f6d19c6b8a5012cea0e426108fdbd63)] -> xpath: //button[normalize-space()='Login']]
2023-12-19 07:12:776 INFO  HomePage :51 - Click on Admin Link : [[ChromeDriver: chrome on windows (2f6d19c6b8a5012cea0e426108fdbd63)] -> xpath: //span[normalize-space()='Admin']]
2023-12-19 07:12:12 INFO  ViewSystemUsersPage :74 - Getting text from View system users text: [[ChromeDriver: chrome on windows (2f6d19c6b8a5012cea0e426108fdbd63)] -> xpath: //h5[normalize-space()='System Users']]
2023-12-19 07:12:371 INFO  ViewSystemUsersPage :118 - Click on add button : [[ChromeDriver: chrome on windows (2f6d19c6b8a5012cea0e426108fdbd63)] -> xpath: //button[normalize-space()='Add']]
2023-12-19 07:12:626 INFO  AddUserPage :74 - verify Add User text : [[ChromeDriver: chrome on windows (2f6d19c6b8a5012cea0e426108fdbd63)] -> xpath: //h6[normalize-space()='Add User']]
2023-12-19 07:12:826 INFO  AddUserPage :80 - Mouse hover on user role : [[ChromeDriver: chrome on windows (2f6d19c6b8a5012cea0e426108fdbd63)] -> xpath: //body[1]/div[1]/div[1]/div[2]/div[2]/div[1]/div[1]/form[1]/div[1]/div[1]/div[1]/div[1]/div[2]/div[1]/div[1]/div[2]/i[1]]
2023-12-19 07:12:985 INFO  AddUserPage :86 - Select User role : [[ChromeDriver: chrome on windows (2f6d19c6b8a5012cea0e426108fdbd63)] -> xpath: //div[@class='oxd-select-text oxd-select-text--active']]
2023-12-19 07:12:114 INFO  AddUserPage :101 - Add Employee name : [[ChromeDriver: chrome on windows (2f6d19c6b8a5012cea0e426108fdbd63)] -> xpath: //input[@placeholder='Type for hints...']]
2023-12-19 07:12:292 INFO  AddUserPage :105 - Employee name : [[ChromeDriver: chrome on windows (2f6d19c6b8a5012cea0e426108fdbd63)] -> xpath: //div[@role='listbox']]
